#
# There is insufficient memory for the Java Runtime Environment to continue.
# Native memory allocation (mmap) failed to map 100663296 bytes for G1 virtual space
# Possible reasons:
#   The system is out of physical RAM or swap space
#   The process is running with CompressedOops enabled, and the Java Heap may be blocking the growth of the native heap
# Possible solutions:
#   Reduce memory load on the system
#   Increase physical memory or swap space
#   Check if swap backing store is full
#   Decrease Java heap size (-Xmx/-Xms)
#   Decrease number of Java threads
#   Decrease Java thread stack sizes (-Xss)
#   Set larger code cache with -XX:ReservedCodeCacheSize=
#   JVM is running with Unscaled Compressed Oops mode in which the Java heap is
#     placed in the first 4GB address space. The Java Heap base address is the
#     maximum limit for the native heap growth. Please use -XX:HeapBaseMinAddress
#     to set the Java Heap base and to place the Java Heap above 4GB virtual address.
# This output file may be truncated or incomplete.
#
#  Out of Memory Error (os_windows.cpp:3559), pid=1652, tid=7412
#
# JRE version:  (17.0.7+7) (build )
# Java VM: OpenJDK 64-Bit Server VM (17.0.7+7, mixed mode, sharing, tiered, compressed oops, compressed class ptrs, g1 gc, windows-amd64)
# No core dump will be written. Minidumps are not enabled by default on client versions of Windows
#

---------------  S U M M A R Y ------------

Command Line: -Dfile.encoding=UTF-8 -XX:+ShowCodeDetailsInExceptionMessages com.screenshot.Screenshot

Host: AMD Ryzen 3 3250U with Radeon Graphics         , 4 cores, 5G,  Windows 11 , 64 bit Build 22621 (10.0.22621.3672)
Time: Tue Jul  9 09:52:31 2024 India Standard Time elapsed time: 0.034359 seconds (0d 0h 0m 0s)

---------------  T H R E A D  ---------------

Current thread (0x0000016b9064d910):  JavaThread "Unknown thread" [_thread_in_vm, id=7412, stack(0x0000001899300000,0x0000001899400000)]

Stack: [0x0000001899300000,0x0000001899400000]
Native frames: (J=compiled Java code, j=interpreted, Vv=VM code, C=native code)
V  [jvm.dll+0x67754a]
V  [jvm.dll+0x834304]
V  [jvm.dll+0x835aae]
V  [jvm.dll+0x836113]
V  [jvm.dll+0x24696f]
V  [jvm.dll+0x6743f9]
V  [jvm.dll+0x668c8a]
V  [jvm.dll+0x3061bb]
V  [jvm.dll+0x30d6a6]
V  [jvm.dll+0x35cece]
V  [jvm.dll+0x35d0ff]
V  [jvm.dll+0x2dd048]
V  [jvm.dll+0x2ddfb4]
V  [jvm.dll+0x8066d1]
V  [jvm.dll+0x36ac91]
V  [jvm.dll+0x7e5cec]
V  [jvm.dll+0x3ed56f]
V  [jvm.dll+0x3ef0a1]
C  [jli.dll+0x528b]
C  [ucrtbase.dll+0x29333]
C  [KERNEL32.DLL+0x1257d]
C  [ntdll.dll+0x5af28]


---------------  P R O C E S S  ---------------

Threads class SMR info:
_java_thread_list=0x00007ff8bf177018, length=0, elements={
}

Java Threads: ( => current thread )

Other Threads:
  0x0000016b9069aa90 GCTaskThread "GC Thread#0" [stack: 0x0000001899400000,0x0000001899500000] [id=25080]
  0x0000016b906a7df0 ConcurrentGCThread "G1 Main Marker" [stack: 0x0000001899500000,0x0000001899600000] [id=16328]
  0x0000016b906a8800 ConcurrentGCThread "G1 Conc#0" [stack: 0x0000001899600000,0x0000001899700000] [id=14000]

[error occurred during error reporting (printing all threads), id 0xc0000005, EXCEPTION_ACCESS_VIOLATION (0xc0000005) at pc=0x00007ff8be94daf7]

VM state: not at safepoint (not fully initialized)

VM Mutex/Monitor currently owned by a thread:  ([mutex/lock_event])
[0x0000016b90648e30] Heap_lock - owner thread: 0x0000016b9064d910

Heap address: 0x00000000a1c00000, size: 1508 MB, Compressed Oops mode: 32-bit

CDS archive(s) mapped at: [0x0000000000000000-0x0000000000000000-0x0000000000000000), size 0, SharedBaseAddress: 0x0000000800000000, ArchiveRelocationMode: 0.
Narrow klass base: 0x0000000000000000, Narrow klass shift: 0, Narrow klass range: 0x0

GC Precious Log:
<Empty>

Heap:
 garbage-first heap   total 0K, used 0K [0x00000000a1c00000, 0x0000000100000000)
  region size 1024K, 0 young (0K), 0 survivors (0K)

[error occurred during error reporting (printing heap information), id 0xc0000005, EXCEPTION_ACCESS_VIOLATION (0xc0000005) at pc=0x00007ff8bed30db9]

GC Heap History (0 events):
No events

Dll operation events (1 events):
Event: 0.021 Loaded shared library C:\Users\moka jahnavi\.p2\pool\plugins\org.eclipse.justj.openjdk.hotspot.jre.full.win32.x86_64_17.0.7.v20230425-1502\jre\bin\java.dll

Deoptimization events (0 events):
No events

Classes unloaded (0 events):
No events

Classes redefined (0 events):
No events

Internal exceptions (0 events):
No events

VM Operations (0 events):
No events

Events (0 events):
No events


Dynamic libraries:
0x00007ff7b5290000 - 0x00007ff7b529e000 	C:\Users\moka jahnavi\.p2\pool\plugins\org.eclipse.justj.openjdk.hotspot.jre.full.win32.x86_64_17.0.7.v20230425-1502\jre\bin\javaw.exe
0x00007ff91e450000 - 0x00007ff91e667000 	C:\WINDOWS\SYSTEM32\ntdll.dll
0x00007ff91ce10000 - 0x00007ff91ced4000 	C:\WINDOWS\System32\KERNEL32.DLL
0x00007ff91b8f0000 - 0x00007ff91bc9c000 	C:\WINDOWS\System32\KERNELBASE.dll
0x00007ff91be80000 - 0x00007ff91bf91000 	C:\WINDOWS\System32\ucrtbase.dll
0x00007ff9085b0000 - 0x00007ff9085c9000 	C:\Users\moka jahnavi\.p2\pool\plugins\org.eclipse.justj.openjdk.hotspot.jre.full.win32.x86_64_17.0.7.v20230425-1502\jre\bin\VCRUNTIME140.dll
0x00007ff908590000 - 0x00007ff9085a7000 	C:\Users\moka jahnavi\.p2\pool\plugins\org.eclipse.justj.openjdk.hotspot.jre.full.win32.x86_64_17.0.7.v20230425-1502\jre\bin\jli.dll
0x00007ff91cf60000 - 0x00007ff91d10e000 	C:\WINDOWS\System32\USER32.dll
0x00007ff91b780000 - 0x00007ff91b7a6000 	C:\WINDOWS\System32\win32u.dll
0x00007ff91cf30000 - 0x00007ff91cf59000 	C:\WINDOWS\System32\GDI32.dll
0x00007ff91bca0000 - 0x00007ff91bdb9000 	C:\WINDOWS\System32\gdi32full.dll
0x00007ff91b7e0000 - 0x00007ff91b87a000 	C:\WINDOWS\System32\msvcp_win.dll
0x00007ff90c210000 - 0x00007ff90c4a3000 	C:\WINDOWS\WinSxS\amd64_microsoft.windows.common-controls_6595b64144ccf1df_6.0.22621.3672_none_2713b9d173822955\COMCTL32.dll
0x00007ff91d1e0000 - 0x00007ff91d287000 	C:\WINDOWS\System32\msvcrt.dll
0x00007ff91cef0000 - 0x00007ff91cf21000 	C:\WINDOWS\System32\IMM32.DLL
0x00007ff911ee0000 - 0x00007ff911eec000 	C:\Users\moka jahnavi\.p2\pool\plugins\org.eclipse.justj.openjdk.hotspot.jre.full.win32.x86_64_17.0.7.v20230425-1502\jre\bin\vcruntime140_1.dll
0x00007ff8d69a0000 - 0x00007ff8d6a31000 	C:\Users\moka jahnavi\.p2\pool\plugins\org.eclipse.justj.openjdk.hotspot.jre.full.win32.x86_64_17.0.7.v20230425-1502\jre\bin\msvcp140.dll
0x00007ff8be660000 - 0x00007ff8bf2a8000 	C:\Users\moka jahnavi\.p2\pool\plugins\org.eclipse.justj.openjdk.hotspot.jre.full.win32.x86_64_17.0.7.v20230425-1502\jre\bin\server\jvm.dll
0x00007ff91d110000 - 0x00007ff91d1c2000 	C:\WINDOWS\System32\ADVAPI32.dll
0x00007ff91d290000 - 0x00007ff91d33a000 	C:\WINDOWS\System32\sechost.dll
0x00007ff91b7b0000 - 0x00007ff91b7d8000 	C:\WINDOWS\System32\bcrypt.dll
0x00007ff91e290000 - 0x00007ff91e3a5000 	C:\WINDOWS\System32\RPCRT4.dll
0x00007ff90e5c0000 - 0x00007ff90e5c9000 	C:\WINDOWS\SYSTEM32\WSOCK32.dll
0x00007ff91cc00000 - 0x00007ff91cc71000 	C:\WINDOWS\System32\WS2_32.dll
0x00007ff9175f0000 - 0x00007ff917624000 	C:\WINDOWS\SYSTEM32\WINMM.dll
0x00007ff912290000 - 0x00007ff91229a000 	C:\WINDOWS\SYSTEM32\VERSION.dll
0x00007ff91a7b0000 - 0x00007ff91a7c8000 	C:\WINDOWS\SYSTEM32\kernel.appcore.dll
0x00007ff90f070000 - 0x00007ff90f07a000 	C:\Users\moka jahnavi\.p2\pool\plugins\org.eclipse.justj.openjdk.hotspot.jre.full.win32.x86_64_17.0.7.v20230425-1502\jre\bin\jimage.dll
0x00007ff914840000 - 0x00007ff914a72000 	C:\WINDOWS\SYSTEM32\DBGHELP.DLL
0x00007ff91c750000 - 0x00007ff91cad8000 	C:\WINDOWS\System32\combase.dll
0x00007ff91c350000 - 0x00007ff91c427000 	C:\WINDOWS\System32\OLEAUT32.dll
0x00007ff9028e0000 - 0x00007ff902912000 	C:\WINDOWS\SYSTEM32\dbgcore.DLL
0x00007ff91c110000 - 0x00007ff91c18b000 	C:\WINDOWS\System32\bcryptPrimitives.dll
0x00007ff908450000 - 0x00007ff908475000 	C:\Users\moka jahnavi\.p2\pool\plugins\org.eclipse.justj.openjdk.hotspot.jre.full.win32.x86_64_17.0.7.v20230425-1502\jre\bin\java.dll

dbghelp: loaded successfully - version: 4.0.5 - missing functions: none
symbol engine: initialized successfully - sym options: 0x614 - pdb path: .;C:\Users\moka jahnavi\.p2\pool\plugins\org.eclipse.justj.openjdk.hotspot.jre.full.win32.x86_64_17.0.7.v20230425-1502\jre\bin;C:\WINDOWS\SYSTEM32;C:\WINDOWS\WinSxS\amd64_microsoft.windows.common-controls_6595b64144ccf1df_6.0.22621.3672_none_2713b9d173822955;C:\Users\moka jahnavi\.p2\pool\plugins\org.eclipse.justj.openjdk.hotspot.jre.full.win32.x86_64_17.0.7.v20230425-1502\jre\bin\server

VM Arguments:
jvm_args: -Dfile.encoding=UTF-8 -XX:+ShowCodeDetailsInExceptionMessages 
java_command: com.screenshot.Screenshot
java_class_path (initial): C:\Users\moka jahnavi\eclipse-workspace\Selenium2\bin;C:\Users\moka jahnavi\Downloads\selenium-server-4.12.1.jar
Launcher Type: SUN_STANDARD

[Global flags]
     intx CICompilerCount                          = 3                                         {product} {ergonomic}
     uint ConcGCThreads                            = 1                                         {product} {ergonomic}
     uint G1ConcRefinementThreads                  = 4                                         {product} {ergonomic}
   size_t G1HeapRegionSize                         = 1048576                                   {product} {ergonomic}
    uintx GCDrainStackTargetSize                   = 64                                        {product} {ergonomic}
   size_t InitialHeapSize                          = 100663296                                 {product} {ergonomic}
   size_t MarkStackSize                            = 4194304                                   {product} {ergonomic}
   size_t MaxHeapSize                              = 1581252608                                {product} {ergonomic}
   size_t MinHeapDeltaBytes                        = 1048576                                   {product} {ergonomic}
   size_t MinHeapSize                              = 8388608                                   {product} {ergonomic}
    uintx NonNMethodCodeHeapSize                   = 5832780                                {pd product} {ergonomic}
    uintx NonProfiledCodeHeapSize                  = 122912730                              {pd product} {ergonomic}
    uintx ProfiledCodeHeapSize                     = 122912730                              {pd product} {ergonomic}
    uintx ReservedCodeCacheSize                    = 251658240                              {pd product} {ergonomic}
     bool SegmentedCodeCache                       = true                                      {product} {ergonomic}
     bool ShowCodeDetailsInExceptionMessages       = true                                   {manageable} {command line}
   size_t SoftMaxHeapSize                          = 1581252608                             {manageable} {ergonomic}
     bool UseCompressedClassPointers               = true                           {product lp64_product} {ergonomic}
     bool UseCompressedOops                        = true                           {product lp64_product} {ergonomic}
     bool UseG1GC                                  = true                                      {product} {ergonomic}
     bool UseLargePagesIndividualAllocation        = false                                  {pd product} {ergonomic}

Logging:
Log output configuration:
 #0: stdout all=warning uptime,level,tags
 #1: stderr all=off uptime,level,tags

Environment Variables:
PATH=C:/Users/moka jahnavi/.p2/pool/plugins/org.eclipse.justj.openjdk.hotspot.jre.full.win32.x86_64_17.0.7.v20230425-1502/jre/bin/server;C:/Users/moka jahnavi/.p2/pool/plugins/org.eclipse.justj.openjdk.hotspot.jre.full.win32.x86_64_17.0.7.v20230425-1502/jre/bin;C:\Program Files (x86)\Common Files\Oracle\Java\javapath;C:\Program Files (x86)\Common Files\Intergraph\Grid Analysis SDK\1.0\Program;C:\WINDOWS\system32;C:\WINDOWS;C:\WINDOWS\System32\Wbem;C:\WINDOWS\System32\WindowsPowerShell\v1.0\;C:\WINDOWS\System32\OpenSSH\;C:\Program Files\dotnet\;C:\Program Files\Java\jdk1.8.0_201\bin;C:\Program Files\Git\cmd;C:\Program Files\MySQL\MySQL Shell 8.0\bin\;C:\Users\moka jahnavi\AppData\Local\Microsoft\WindowsApps;;C:\WINDOWS\System32;
USERNAME=moka jahnavi
OS=Windows_NT
PROCESSOR_IDENTIFIER=AMD64 Family 23 Model 24 Stepping 1, AuthenticAMD
TMP=C:\Users\MOKAJA~1\AppData\Local\Temp
TEMP=C:\Users\MOKAJA~1\AppData\Local\Temp



---------------  S Y S T E M  ---------------

OS:
 Windows 11 , 64 bit Build 22621 (10.0.22621.3672)
OS uptime: 1 days 16:13 hours

CPU: total 4 (initial active 4) (4 cores per cpu, 2 threads per core) family 23 model 24 stepping 1 microcode 0x0, cx8, cmov, fxsr, ht, mmx, 3dnowpref, sse, sse2, sse3, ssse3, sse4a, sse4.1, sse4.2, popcnt, lzcnt, tsc, tscinvbit, avx, avx2, aes, clmul, bmi1, bmi2, adx, sha, fma, vzeroupper, clflush, clflushopt

Memory: 4k page, system-wide physical 6030M (954M free)
TotalPageFile size 13619M (AvailPageFile size 47M)
current process WorkingSet (physical memory assigned to process): 11M, peak: 11M
current process commit charge ("private bytes"): 51M, peak: 147M

vm_info: OpenJDK 64-Bit Server VM (17.0.7+7) for windows-amd64 JRE (17.0.7+7), built on Apr 18 2023 22:10:42 by "temurin" with MS VC++ 16.7 (VS2019)

END.
